<?xml version="1.0" encoding="UTF-8"?>
<!-- Generated by org.testng.reporters.JUnitXMLReporter -->
<testsuite hostname="DESKTOP-20QI2OV" ignored="6" name="Default test" tests="1" failures="0" timestamp="2020-06-18T18:39:00 IST" time="21.205" errors="0">
  <testcase name="TC003_Books_link" time="19.735" classname="com.demoworkshop.qa.Test.DemoWorkShop_End_To_End"/>
  <testcase name="TC006_DemoWorkShop_Gift_Cards_Page" time="0.0" classname="com.demoworkshop.qa.Test.DemoWorkShop_End_To_End">
    <ignored/>
  </testcase> <!-- TC006_DemoWorkShop_Gift_Cards_Page -->
  <testcase name="TC005_Digital_Downloads_page" time="0.0" classname="com.demoworkshop.qa.Test.DemoWorkShop_End_To_End">
    <ignored/>
  </testcase> <!-- TC005_Digital_Downloads_page -->
  <testcase name="TC001_LoginToDemoWebshop" time="0.0" classname="com.demoworkshop.qa.Test.DemoWorkShop_End_To_End">
    <ignored/>
  </testcase> <!-- TC001_LoginToDemoWebshop -->
  <testcase name="TC007_DemoWorkShop_Apparel_And_Shoes_Page" time="0.0" classname="com.demoworkshop.qa.Test.DemoWorkShop_End_To_End">
    <ignored/>
  </testcase> <!-- TC007_DemoWorkShop_Apparel_And_Shoes_Page -->
  <testcase name="TC002_Verify_Demowebshop_Homepage_IsDisplayed" time="0.0" classname="com.demoworkshop.qa.Test.DemoWorkShop_End_To_End">
    <ignored/>
  </testcase> <!-- TC002_Verify_Demowebshop_Homepage_IsDisplayed -->
  <testcase name="TC004_Electronics_page" time="0.0" classname="com.demoworkshop.qa.Test.DemoWorkShop_End_To_End">
    <ignored/>
  </testcase> <!-- TC004_Electronics_page -->
</testsuite> <!-- Default test -->
