<?xml version="1.0" encoding="UTF-8"?>
<testsuite hostname="DESKTOP-20QI2OV" name="com.demoworkshop.qa.Test.DemoWorkShop_End_To_End" tests="2" failures="2" timestamp="20 Jun 2020 05:53:03 GMT" time="0.049" errors="0">
  <testcase name="TC001_LoginToDemoWebshop" time="0.021" classname="com.demoworkshop.qa.Test.DemoWorkShop_End_To_End">
    <failure type="java.lang.NullPointerException">
      <![CDATA[java.lang.NullPointerException
	at com.demoworkshop.util.DemoWorkShop_Listener.onTestStart(DemoWorkShop_Listener.java:17)
	at org.apache.maven.surefire.testng.TestNGExecutor.run(TestNGExecutor.java:284)
	at org.apache.maven.surefire.testng.TestNGXmlTestSuite.execute(TestNGXmlTestSuite.java:75)
	at org.apache.maven.surefire.testng.TestNGProvider.invoke(TestNGProvider.java:119)
	at org.apache.maven.surefire.booter.ForkedBooter.runSuitesInProcess(ForkedBooter.java:428)
	at org.apache.maven.surefire.booter.ForkedBooter.execute(ForkedBooter.java:162)
	at org.apache.maven.surefire.booter.ForkedBooter.run(ForkedBooter.java:562)
	at org.apache.maven.surefire.booter.ForkedBooter.main(ForkedBooter.java:548)
... Removed 19 stack frames]]>
    </failure>
  </testcase>
  <testcase name="TC001_LoginToDemoWebshop" time="0.042" classname="com.demoworkshop.qa.Test.DemoWorkShop_End_To_End">
    <failure type="java.lang.NullPointerException">
      <![CDATA[java.lang.NullPointerException
	at com.demoworkshop.util.DemoWorkShop_Listener.onTestFailure(DemoWorkShop_Listener.java:29)
	at org.apache.maven.surefire.testng.TestNGExecutor.run(TestNGExecutor.java:284)
	at org.apache.maven.surefire.testng.TestNGXmlTestSuite.execute(TestNGXmlTestSuite.java:75)
	at org.apache.maven.surefire.testng.TestNGProvider.invoke(TestNGProvider.java:119)
	at org.apache.maven.surefire.booter.ForkedBooter.runSuitesInProcess(ForkedBooter.java:428)
	at org.apache.maven.surefire.booter.ForkedBooter.execute(ForkedBooter.java:162)
	at org.apache.maven.surefire.booter.ForkedBooter.run(ForkedBooter.java:562)
	at org.apache.maven.surefire.booter.ForkedBooter.main(ForkedBooter.java:548)
... Removed 19 stack frames]]>
    </failure>
  </testcase>
</testsuite>
